2025-08-29 00:41:06,888 - MediaController - INFO - Starting Hand Tracking Media Controller v2.1
2025-08-29 00:43:48,822 - MediaController - INFO - 革 PAUSE sent to youtube
2025-08-29 00:43:51,866 - MediaController - INFO - 讹 PLAY sent to youtube
2025-08-29 00:43:53,386 - MediaController - INFO - 革 PAUSE sent to youtube
2025-08-29 00:44:35,905 - MediaController - INFO - 讹 PLAY sent to youtube
2025-08-29 00:44:42,003 - MediaController - INFO - 革 PAUSE sent to youtube
2025-08-29 00:44:45,063 - MediaController - INFO - 讹 PLAY sent to youtube
2025-08-29 00:44:49,668 - MediaController - INFO - 革 PAUSE sent to youtube
2025-08-29 00:44:51,210 - MediaController - INFO - 讹 PLAY sent to youtube
2025-08-29 00:44:54,294 - MediaController - INFO - 革 PAUSE sent to youtube
2025-08-29 00:44:57,355 - MediaController - INFO - 讹 PLAY sent to youtube
2025-08-29 00:45:01,915 - MediaController - INFO - 革 PAUSE sent to youtube
2025-08-29 00:46:24,196 - MediaController - INFO -  VOLUME UP sent to youtube
2025-08-29 00:46:45,441 - MediaController - INFO - 革 PAUSE sent to youtube
2025-08-29 00:46:50,890 - MediaController - INFO - 讹 PLAY sent to youtube
2025-08-29 00:46:52,474 - MediaController - INFO - 革 PAUSE sent to youtube
2025-08-29 00:46:58,720 - MediaController - INFO - 讹 PLAY sent to youtube
2025-08-29 00:47:01,791 - MediaController - INFO - 革 PAUSE sent to youtube
2025-08-29 00:47:14,932 - MediaController - INFO -  VOLUME UP sent to youtube
2025-08-29 00:47:16,499 - MediaController - INFO - 革 PAUSE sent to youtube
2025-08-29 00:47:18,041 - MediaController - INFO -  VOLUME UP sent to youtube
2025-08-29 00:47:19,581 - MediaController - INFO - 讹 PLAY sent to youtube
2025-08-29 00:49:19,082 - MediaController - INFO -  VOLUME UP sent to youtube
2025-08-29 00:49:20,620 - MediaController - INFO - 革 PAUSE sent to youtube
2025-08-29 00:49:23,673 - MediaController - INFO - 讹 PLAY sent to youtube
2025-08-29 00:49:26,784 - MediaController - INFO - 革 PAUSE sent to youtube
2025-08-29 00:49:28,269 - MediaController - INFO -  VOLUME UP sent to youtube
2025-08-29 00:49:29,816 - MediaController - INFO - 讹 PLAY sent to youtube
2025-08-29 00:49:32,892 - MediaController - INFO - 革 PAUSE sent to youtube
2025-08-29 00:49:35,946 - MediaController - INFO - 讹 PLAY sent to youtube
2025-08-29 00:49:39,062 - MediaController - INFO - 革 PAUSE sent to youtube
2025-08-29 00:49:52,376 - MediaController - INFO - 讹 PLAY sent to youtube
2025-08-29 00:51:56,928 - MediaController - INFO -  VOLUME UP sent to youtube
2025-08-29 00:52:50,083 - MediaController - INFO - Closed youtube controller
2025-08-29 00:52:50,084 - MediaController - INFO - Application cleanup completed
