2025-08-27 01:11:57,378 - MediaController - INFO - Starting Hand Tracking Media Controller v2.1
2025-08-27 01:12:36,872 - MediaController - ERROR - YouTube controller failed: Failed to download ChromeDriver
2025-08-27 01:13:23,125 - MediaController - WARNING - Method previous_track not found in youtube
2025-08-27 01:13:40,144 - MediaController - INFO - Closed youtube controller
2025-08-27 01:13:40,146 - MediaController - INFO - Application cleanup completed
2025-08-27 01:13:58,012 - MediaController - INFO - Starting Hand Tracking Media Controller v2.1
2025-08-27 01:15:21,029 - MediaController - WARNING - YouTube controller timed out
2025-08-27 01:16:07,384 - MediaController - WARNING - Method previous_track not found in youtube
2025-08-27 01:17:40,514 - MediaController - WARNING - Method next_track not found in youtube
2025-08-27 01:17:45,627 - MediaController - INFO - Closed youtube controller
2025-08-27 01:17:45,627 - MediaController - INFO - Application cleanup completed
2025-08-27 01:21:20,026 - MediaController - INFO - Starting Hand Tracking Media Controller v2.1
2025-08-27 01:23:16,812 - MediaController - INFO - ⏮️ PREVIOUS sent to youtube
2025-08-27 01:23:34,995 - MediaController - INFO - ⏭️ NEXT sent to youtube
2025-08-27 01:23:38,034 - MediaController - INFO - ⏭️ NEXT sent to youtube
2025-08-27 01:24:18,480 - MediaController - INFO - ⏭️ NEXT sent to youtube
2025-08-27 01:24:49,348 - MediaController - INFO - ⏮️ PREVIOUS sent to youtube
2025-08-27 01:25:34,344 - MediaController - INFO - Closed youtube controller
2025-08-27 01:25:34,344 - MediaController - INFO - Application cleanup completed
2025-08-27 01:26:56,881 - MediaController - INFO - Starting Hand Tracking Media Controller v2.1
2025-08-27 01:27:50,494 - MediaController - ERROR - Spotify controller failed: BaseMediaController.__init__() missing 1 required positional argument: 'base_url'
2025-08-27 01:27:56,499 - MediaController - ERROR - TikTok controller failed: BaseMediaController.__init__() missing 1 required positional argument: 'base_url'
2025-08-27 04:09:42,175 - MediaController - INFO - Starting Hand Tracking Media Controller v2.1
